<?xml version="1.0" encoding="UTF-8"?>
<testsuite xmlns:xsi="http://www.w3.org/2001/XMLSchema-instance" xsi:noNamespaceSchemaLocation="https://maven.apache.org/surefire/maven-surefire-plugin/xsd/surefire-test-report.xsd" name="com.mh.AppTest" time="0.033" tests="1" errors="0" skipped="0" failures="0">
  <properties>
    <property name="sun.desktop" value="windows"/>
    <property name="awt.toolkit" value="sun.awt.windows.WToolkit"/>
    <property name="file.encoding.pkg" value="sun.io"/>
    <property name="java.specification.version" value="1.8"/>
    <property name="sun.cpu.isalist" value="pentium_pro+mmx pentium_pro pentium+mmx pentium i486 i386 i86"/>
    <property name="sun.jnu.encoding" value="GBK"/>
    <property name="java.class.path" value="E:\Idea_workspace\Springboot-hello-1\target\test-classes;E:\Idea_workspace\Springboot-hello-1\target\classes;D:\maven\3.52repository\junit\junit\4.11\junit-4.11.jar;D:\maven\3.52repository\org\hamcrest\hamcrest-core\1.3\hamcrest-core-1.3.jar;D:\maven\3.52repository\javax\servlet\javax.servlet-api\3.1.0\javax.servlet-api-3.1.0.jar;D:\maven\3.52repository\org\springframework\boot\spring-boot-starter-web\1.5.10.RELEASE\spring-boot-starter-web-1.5.10.RELEASE.jar;D:\maven\3.52repository\org\springframework\boot\spring-boot-starter\1.5.10.RELEASE\spring-boot-starter-1.5.10.RELEASE.jar;D:\maven\3.52repository\org\springframework\boot\spring-boot\1.5.10.RELEASE\spring-boot-1.5.10.RELEASE.jar;D:\maven\3.52repository\org\springframework\boot\spring-boot-autoconfigure\1.5.10.RELEASE\spring-boot-autoconfigure-1.5.10.RELEASE.jar;D:\maven\3.52repository\org\springframework\boot\spring-boot-starter-logging\1.5.10.RELEASE\spring-boot-starter-logging-1.5.10.RELEASE.jar;D:\maven\3.52repository\ch\qos\logback\logback-classic\1.1.11\logback-classic-1.1.11.jar;D:\maven\3.52repository\ch\qos\logback\logback-core\1.1.11\logback-core-1.1.11.jar;D:\maven\3.52repository\org\slf4j\jcl-over-slf4j\1.7.25\jcl-over-slf4j-1.7.25.jar;D:\maven\3.52repository\org\slf4j\jul-to-slf4j\1.7.25\jul-to-slf4j-1.7.25.jar;D:\maven\3.52repository\org\slf4j\log4j-over-slf4j\1.7.25\log4j-over-slf4j-1.7.25.jar;D:\maven\3.52repository\org\springframework\spring-core\4.3.14.RELEASE\spring-core-4.3.14.RELEASE.jar;D:\maven\3.52repository\org\yaml\snakeyaml\1.17\snakeyaml-1.17.jar;D:\maven\3.52repository\org\hibernate\hibernate-validator\5.3.6.Final\hibernate-validator-5.3.6.Final.jar;D:\maven\3.52repository\javax\validation\validation-api\1.1.0.Final\validation-api-1.1.0.Final.jar;D:\maven\3.52repository\org\jboss\logging\jboss-logging\3.3.1.Final\jboss-logging-3.3.1.Final.jar;D:\maven\3.52repository\com\fasterxml\classmate\1.3.4\classmate-1.3.4.jar;D:\maven\3.52repository\com\fasterxml\jackson\core\jackson-databind\2.8.10\jackson-databind-2.8.10.jar;D:\maven\3.52repository\com\fasterxml\jackson\core\jackson-annotations\2.8.0\jackson-annotations-2.8.0.jar;D:\maven\3.52repository\com\fasterxml\jackson\core\jackson-core\2.8.10\jackson-core-2.8.10.jar;D:\maven\3.52repository\org\springframework\spring-web\4.3.14.RELEASE\spring-web-4.3.14.RELEASE.jar;D:\maven\3.52repository\org\springframework\spring-aop\4.3.14.RELEASE\spring-aop-4.3.14.RELEASE.jar;D:\maven\3.52repository\org\springframework\spring-beans\4.3.14.RELEASE\spring-beans-4.3.14.RELEASE.jar;D:\maven\3.52repository\org\springframework\spring-context\4.3.14.RELEASE\spring-context-4.3.14.RELEASE.jar;D:\maven\3.52repository\org\springframework\spring-webmvc\4.3.14.RELEASE\spring-webmvc-4.3.14.RELEASE.jar;D:\maven\3.52repository\org\springframework\spring-expression\4.3.14.RELEASE\spring-expression-4.3.14.RELEASE.jar;D:\maven\3.52repository\org\springframework\boot\spring-boot-starter-thymeleaf\1.5.10.RELEASE\spring-boot-starter-thymeleaf-1.5.10.RELEASE.jar;D:\maven\3.52repository\org\thymeleaf\thymeleaf-spring4\2.1.6.RELEASE\thymeleaf-spring4-2.1.6.RELEASE.jar;D:\maven\3.52repository\org\thymeleaf\thymeleaf\2.1.6.RELEASE\thymeleaf-2.1.6.RELEASE.jar;D:\maven\3.52repository\ognl\ognl\3.0.8\ognl-3.0.8.jar;D:\maven\3.52repository\org\javassist\javassist\3.21.0-GA\javassist-3.21.0-GA.jar;D:\maven\3.52repository\org\unbescape\unbescape\1.1.0.RELEASE\unbescape-1.1.0.RELEASE.jar;D:\maven\3.52repository\org\slf4j\slf4j-api\1.7.25\slf4j-api-1.7.25.jar;D:\maven\3.52repository\nz\net\ultraq\thymeleaf\thymeleaf-layout-dialect\1.4.0\thymeleaf-layout-dialect-1.4.0.jar;D:\maven\3.52repository\org\codehaus\groovy\groovy\2.4.13\groovy-2.4.13.jar;"/>
    <property name="java.vm.vendor" value="Oracle Corporation"/>
    <property name="sun.arch.data.model" value="32"/>
    <property name="user.variant" value=""/>
    <property name="java.vendor.url" value="http://java.oracle.com/"/>
    <property name="user.timezone" value="Asia/Shanghai"/>
    <property name="java.vm.specification.version" value="1.8"/>
    <property name="os.name" value="Windows 10"/>
    <property name="user.country" value="CN"/>
    <property name="sun.java.launcher" value="SUN_STANDARD"/>
    <property name="sun.boot.library.path" value="C:\Program Files (x86)\Java\jdk1.8.0_102\jre\bin"/>
    <property name="sun.java.command" value="C:\Users\MENGHU~1\AppData\Local\Temp\surefire6611474201810861229\surefirebooter9114679189614252191.jar C:\Users\menghui130580\AppData\Local\Temp\surefire6611474201810861229 2020-02-15T18-18-57_235-jvmRun1 surefire6728701073650732036tmp surefire_06493070750990450497tmp"/>
    <property name="surefire.test.class.path" value="E:\Idea_workspace\Springboot-hello-1\target\test-classes;E:\Idea_workspace\Springboot-hello-1\target\classes;D:\maven\3.52repository\junit\junit\4.11\junit-4.11.jar;D:\maven\3.52repository\org\hamcrest\hamcrest-core\1.3\hamcrest-core-1.3.jar;D:\maven\3.52repository\javax\servlet\javax.servlet-api\3.1.0\javax.servlet-api-3.1.0.jar;D:\maven\3.52repository\org\springframework\boot\spring-boot-starter-web\1.5.10.RELEASE\spring-boot-starter-web-1.5.10.RELEASE.jar;D:\maven\3.52repository\org\springframework\boot\spring-boot-starter\1.5.10.RELEASE\spring-boot-starter-1.5.10.RELEASE.jar;D:\maven\3.52repository\org\springframework\boot\spring-boot\1.5.10.RELEASE\spring-boot-1.5.10.RELEASE.jar;D:\maven\3.52repository\org\springframework\boot\spring-boot-autoconfigure\1.5.10.RELEASE\spring-boot-autoconfigure-1.5.10.RELEASE.jar;D:\maven\3.52repository\org\springframework\boot\spring-boot-starter-logging\1.5.10.RELEASE\spring-boot-starter-logging-1.5.10.RELEASE.jar;D:\maven\3.52repository\ch\qos\logback\logback-classic\1.1.11\logback-classic-1.1.11.jar;D:\maven\3.52repository\ch\qos\logback\logback-core\1.1.11\logback-core-1.1.11.jar;D:\maven\3.52repository\org\slf4j\jcl-over-slf4j\1.7.25\jcl-over-slf4j-1.7.25.jar;D:\maven\3.52repository\org\slf4j\jul-to-slf4j\1.7.25\jul-to-slf4j-1.7.25.jar;D:\maven\3.52repository\org\slf4j\log4j-over-slf4j\1.7.25\log4j-over-slf4j-1.7.25.jar;D:\maven\3.52repository\org\springframework\spring-core\4.3.14.RELEASE\spring-core-4.3.14.RELEASE.jar;D:\maven\3.52repository\org\yaml\snakeyaml\1.17\snakeyaml-1.17.jar;D:\maven\3.52repository\org\hibernate\hibernate-validator\5.3.6.Final\hibernate-validator-5.3.6.Final.jar;D:\maven\3.52repository\javax\validation\validation-api\1.1.0.Final\validation-api-1.1.0.Final.jar;D:\maven\3.52repository\org\jboss\logging\jboss-logging\3.3.1.Final\jboss-logging-3.3.1.Final.jar;D:\maven\3.52repository\com\fasterxml\classmate\1.3.4\classmate-1.3.4.jar;D:\maven\3.52repository\com\fasterxml\jackson\core\jackson-databind\2.8.10\jackson-databind-2.8.10.jar;D:\maven\3.52repository\com\fasterxml\jackson\core\jackson-annotations\2.8.0\jackson-annotations-2.8.0.jar;D:\maven\3.52repository\com\fasterxml\jackson\core\jackson-core\2.8.10\jackson-core-2.8.10.jar;D:\maven\3.52repository\org\springframework\spring-web\4.3.14.RELEASE\spring-web-4.3.14.RELEASE.jar;D:\maven\3.52repository\org\springframework\spring-aop\4.3.14.RELEASE\spring-aop-4.3.14.RELEASE.jar;D:\maven\3.52repository\org\springframework\spring-beans\4.3.14.RELEASE\spring-beans-4.3.14.RELEASE.jar;D:\maven\3.52repository\org\springframework\spring-context\4.3.14.RELEASE\spring-context-4.3.14.RELEASE.jar;D:\maven\3.52repository\org\springframework\spring-webmvc\4.3.14.RELEASE\spring-webmvc-4.3.14.RELEASE.jar;D:\maven\3.52repository\org\springframework\spring-expression\4.3.14.RELEASE\spring-expression-4.3.14.RELEASE.jar;D:\maven\3.52repository\org\springframework\boot\spring-boot-starter-thymeleaf\1.5.10.RELEASE\spring-boot-starter-thymeleaf-1.5.10.RELEASE.jar;D:\maven\3.52repository\org\thymeleaf\thymeleaf-spring4\2.1.6.RELEASE\thymeleaf-spring4-2.1.6.RELEASE.jar;D:\maven\3.52repository\org\thymeleaf\thymeleaf\2.1.6.RELEASE\thymeleaf-2.1.6.RELEASE.jar;D:\maven\3.52repository\ognl\ognl\3.0.8\ognl-3.0.8.jar;D:\maven\3.52repository\org\javassist\javassist\3.21.0-GA\javassist-3.21.0-GA.jar;D:\maven\3.52repository\org\unbescape\unbescape\1.1.0.RELEASE\unbescape-1.1.0.RELEASE.jar;D:\maven\3.52repository\org\slf4j\slf4j-api\1.7.25\slf4j-api-1.7.25.jar;D:\maven\3.52repository\nz\net\ultraq\thymeleaf\thymeleaf-layout-dialect\1.4.0\thymeleaf-layout-dialect-1.4.0.jar;D:\maven\3.52repository\org\codehaus\groovy\groovy\2.4.13\groovy-2.4.13.jar;"/>
    <property name="sun.cpu.endian" value="little"/>
    <property name="user.home" value="C:\Users\menghui130580"/>
    <property name="user.language" value="zh"/>
    <property name="java.specification.vendor" value="Oracle Corporation"/>
    <property name="idea.version2019.2.1" value="true"/>
    <property name="java.home" value="C:\Program Files (x86)\Java\jdk1.8.0_102\jre"/>
    <property name="basedir" value="E:\Idea_workspace\Springboot-hello-1"/>
    <property name="file.separator" value="\"/>
    <property name="line.separator" value="&#10;"/>
    <property name="java.vm.specification.vendor" value="Oracle Corporation"/>
    <property name="java.specification.name" value="Java Platform API Specification"/>
    <property name="java.awt.graphicsenv" value="sun.awt.Win32GraphicsEnvironment"/>
    <property name="surefire.real.class.path" value="C:\Users\MENGHU~1\AppData\Local\Temp\surefire6611474201810861229\surefirebooter9114679189614252191.jar"/>
    <property name="sun.boot.class.path" value="C:\Program Files (x86)\Java\jdk1.8.0_102\jre\lib\resources.jar;C:\Program Files (x86)\Java\jdk1.8.0_102\jre\lib\rt.jar;C:\Program Files (x86)\Java\jdk1.8.0_102\jre\lib\sunrsasign.jar;C:\Program Files (x86)\Java\jdk1.8.0_102\jre\lib\jsse.jar;C:\Program Files (x86)\Java\jdk1.8.0_102\jre\lib\jce.jar;C:\Program Files (x86)\Java\jdk1.8.0_102\jre\lib\charsets.jar;C:\Program Files (x86)\Java\jdk1.8.0_102\jre\lib\jfr.jar;C:\Program Files (x86)\Java\jdk1.8.0_102\jre\classes"/>
    <property name="user.script" value=""/>
    <property name="sun.management.compiler" value="HotSpot Client Compiler"/>
    <property name="java.runtime.version" value="1.8.0_102-b14"/>
    <property name="user.name" value="menghui130580"/>
    <property name="path.separator" value=";"/>
    <property name="os.version" value="10.0"/>
    <property name="java.endorsed.dirs" value="C:\Program Files (x86)\Java\jdk1.8.0_102\jre\lib\endorsed"/>
    <property name="java.runtime.name" value="Java(TM) SE Runtime Environment"/>
    <property name="file.encoding" value="GBK"/>
    <property name="java.vm.name" value="Java HotSpot(TM) Client VM"/>
    <property name="localRepository" value="D:\maven\3.52repository"/>
    <property name="java.vendor.url.bug" value="http://bugreport.sun.com/bugreport/"/>
    <property name="java.io.tmpdir" value="C:\Users\MENGHU~1\AppData\Local\Temp\"/>
    <property name="java.version" value="1.8.0_102"/>
    <property name="user.dir" value="E:\Idea_workspace\Springboot-hello-1"/>
    <property name="os.arch" value="x86"/>
    <property name="java.vm.specification.name" value="Java Virtual Machine Specification"/>
    <property name="java.awt.printerjob" value="sun.awt.windows.WPrinterJob"/>
    <property name="sun.os.patch.level" value=""/>
    <property name="java.library.path" value="C:\Program Files (x86)\Java\jdk1.8.0_102\jre\bin;C:\WINDOWS\Sun\Java\bin;C:\WINDOWS\system32;C:\WINDOWS;D:\Xftp\;D:\Xshell\;C:\Program Files (x86)\Common Files\Oracle\Java\javapath;C:\ProgramData\Oracle\Java\javapath;C:\Program Files (x86)\Intel\Intel(R) Management Engine Components\iCLS\;C:\Program Files\Intel\Intel(R) Management Engine Components\iCLS\;C:\Windows\system32;C:\Windows;C:\Windows\System32\Wbem;C:\Windows\System32\WindowsPowerShell\v1.0\;C:\Windows\System32\OpenSSH\;C:\Program Files (x86)\Intel\Intel(R) Management Engine Components\DAL;C:\Program Files\Intel\Intel(R) Management Engine Components\DAL;C:\Program Files (x86)\NVIDIA Corporation\PhysX\Common;C:\Program Files\Intel\WiFi\bin\;C:\Program Files\Common Files\Intel\WirelessCommon\;C:\Program Files\MySQL\MySQL Server 8.0\bin;C:\WINDOWS\system32;C:\WINDOWS;C:\WINDOWS\System32\Wbem;C:\WINDOWS\System32\WindowsPowerShell\v1.0\;C:\WINDOWS\System32\OpenSSH\;&quot;C:\Program Files (x86)\Java\jdk1.8.0_102\bin;&quot;;D:\maven\apache-maven-3.5.2\bin;C:\Users\menghui130580\AppData\Local\Microsoft\WindowsApps;;."/>
    <property name="java.vm.info" value="mixed mode"/>
    <property name="java.vendor" value="Oracle Corporation"/>
    <property name="java.vm.version" value="25.102-b14"/>
    <property name="java.ext.dirs" value="C:\Program Files (x86)\Java\jdk1.8.0_102\jre\lib\ext;C:\WINDOWS\Sun\Java\lib\ext"/>
    <property name="sun.io.unicode.encoding" value="UnicodeLittle"/>
    <property name="java.class.version" value="52.0"/>
  </properties>
  <testcase name="shouldAnswerWithTrue" classname="com.mh.AppTest" time="0.001"/>
</testsuite>